<?xml version="1.0" encoding="UTF-8"?>
<!-- Generated by org.testng.reporters.JUnitReportReporter -->
<testsuite skipped="0" hostname="ADMIN-PC" name="facebooklogin.TestClassforcrossbrws" tests="4" failures="0" timestamp="2022-10-25T10:59:21 IST" time="30.581" errors="0">
  <testcase name="test1234" time="5.897" classname="facebooklogin.TestClassforcrossbrws"/>
  <system-out/>
  <testcase name="test123" time="11.019" classname="facebooklogin.TestClassforcrossbrws"/>
  <system-out/>
  <testcase name="test123" time="8.976" classname="facebooklogin.TestClassforcrossbrws"/>
  <system-out/>
  <testcase name="test1234" time="4.689" classname="facebooklogin.TestClassforcrossbrws"/>
  <system-out/>
</testsuite> <!-- facebooklogin.TestClassforcrossbrws -->
